ACCase:	N/A	98.592	0.0	99	2760	len=27731
ALS:	N/A	96.523	0.0	100	2542	len=6274
psbA:	N/A	97.021	1.12e-106	42	390	len=31906
psbA:	N/A	96.373	6.91e-84	35	315	len=14222
psbA:	N/A	95.652	4.19e-76	33	289	len=20175
psbA:	N/A	96.296	7.47e-29	15	132	len=28511
psbA:	N/A	97.183	1.62e-25	13	121	len=75631
psbA:	N/A	97.561	1.65e-10	7	71.3	len=75631
psbA:	N/A	98.529	5.82e-25	12	119	len=35473
psbA:	N/A	100.000	1.63e-20	10	104	len=9191
psbA:	N/A	96.552	9.80e-18	10	95.3	len=7997
psbA:	N/A	100.000	9.87e-13	8	78.7	len=30955
psbA:	N/A	100.000	1.28e-11	7	75.0	len=32162
psbA:	N/A	97.619	1.65e-10	8	71.3	len=46675
psbA:	N/A	100.000	5.98e-05	5	52.8	len=14409
EPSPS_1:	N/A	95.673	6.21e-89	41	331	len=174893
EPSPS_1:	N/A	100.000	2.93e-77	31	292	len=174893
EPSPS_1:	N/A	98.684	1.37e-70	30	270	len=174893
EPSPS_2:	N/A	96.804	2.15e-101	21	374	len=174893
EPSPS_2:	N/A	95.853	6.03e-97	21	359	len=174893
EPSPS_2:	N/A	97.468	8.09e-71	15	272	len=174893
EPSPS_2:	N/A	97.479	2.99e-50	11	204	len=174893
